<?xml version="1.0" encoding="UTF-8"?>
<testsuite name="com.roomreservation.UserServiceTest" tests="2" skipped="0" failures="0" errors="0" timestamp="2025-01-02T17:32:17" hostname="Corentin" time="0.078">
  <properties/>
  <testcase name="createUser_Success()" classname="com.roomreservation.UserServiceTest" time="0.032"/>
  <testcase name="createUser_EmailExists()" classname="com.roomreservation.UserServiceTest" time="0.044"/>
  <system-out><![CDATA[]]></system-out>
  <system-err><![CDATA[]]></system-err>
</testsuite>
