<?xml version="1.0" encoding="UTF-8"?>
<testsuite name="com.roomreservation.BookingServiceTest" tests="2" skipped="0" failures="0" errors="0" timestamp="2025-01-06T14:02:10" hostname="Corentin" time="0.208">
  <properties/>
  <testcase name="createBooking_RoomNotAvailable()" classname="com.roomreservation.BookingServiceTest" time="0.192"/>
  <testcase name="createBooking_Success()" classname="com.roomreservation.BookingServiceTest" time="0.013"/>
  <system-out><![CDATA[]]></system-out>
  <system-err><![CDATA[]]></system-err>
</testsuite>
