<?xml version="1.0" encoding="UTF-8"?>
<testsuite name="com.roomreservation.service.RoomServiceTest" tests="7" skipped="0" failures="0" errors="0" timestamp="2025-01-06T14:02:10" hostname="Corentin" time="0.028">
  <properties/>
  <testcase name="getAvailableRooms_Success()" classname="com.roomreservation.service.RoomServiceTest" time="0.005"/>
  <testcase name="getRoomById_NotFound()" classname="com.roomreservation.service.RoomServiceTest" time="0.003"/>
  <testcase name="getAllRooms_Success()" classname="com.roomreservation.service.RoomServiceTest" time="0.003"/>
  <testcase name="getRoomById_Success()" classname="com.roomreservation.service.RoomServiceTest" time="0.003"/>
  <testcase name="createRoom_Success()" classname="com.roomreservation.service.RoomServiceTest" time="0.002"/>
  <testcase name="updateRoom_Success()" classname="com.roomreservation.service.RoomServiceTest" time="0.004"/>
  <testcase name="getAvailableRooms_WithConflictingBooking()" classname="com.roomreservation.service.RoomServiceTest" time="0.003"/>
  <system-out><![CDATA[]]></system-out>
  <system-err><![CDATA[]]></system-err>
</testsuite>
