<?xml version="1.0" encoding="UTF-8"?>
<testsuite name="com.roomreservation.BookingServiceTest" tests="2" skipped="0" failures="0" errors="0" timestamp="2025-01-02T17:32:16" hostname="Corentin" time="1.277">
  <properties/>
  <testcase name="createBooking_RoomNotAvailable()" classname="com.roomreservation.BookingServiceTest" time="1.205"/>
  <testcase name="createBooking_Success()" classname="com.roomreservation.BookingServiceTest" time="0.06"/>
  <system-out><![CDATA[]]></system-out>
  <system-err><![CDATA[]]></system-err>
</testsuite>
