<?xml version="1.0" encoding="UTF-8"?>
<testsuite name="com.roomreservation.UserServiceTest" tests="2" skipped="0" failures="0" errors="0" timestamp="2025-01-06T14:02:10" hostname="Corentin" time="0.011">
  <properties/>
  <testcase name="createUser_Success()" classname="com.roomreservation.UserServiceTest" time="0.006"/>
  <testcase name="createUser_EmailExists()" classname="com.roomreservation.UserServiceTest" time="0.004"/>
  <system-out><![CDATA[]]></system-out>
  <system-err><![CDATA[]]></system-err>
</testsuite>
