<?xml version="1.0" encoding="UTF-8"?>
<testsuite name="com.roomreservation.AccessServiceTest" tests="4" skipped="0" failures="0" errors="0" timestamp="2025-01-06T14:02:09" hostname="Corentin" time="1.023">
  <properties/>
  <testcase name="validateAccess_InvalidCard()" classname="com.roomreservation.AccessServiceTest" time="0.995"/>
  <testcase name="validateAccess_NoValidBooking()" classname="com.roomreservation.AccessServiceTest" time="0.012"/>
  <testcase name="validateAccess_Success()" classname="com.roomreservation.AccessServiceTest" time="0.006"/>
  <testcase name="validateAccess_ValidCardButNoBooking()" classname="com.roomreservation.AccessServiceTest" time="0.005"/>
  <system-out><![CDATA[Debug - Card Number: INVALID-CARD
Debug - Room ID: 1
Debug - Current Time: 2025-01-06T15:02:10.136668799
Debug - Card not found
Debug - Card Number: CARD-TEST001
Debug - Room ID: 1
Debug - Current Time: 2025-01-06T15:02:10.164951885
Debug - Booking found: false
Debug - Card Number: CARD-TEST001
Debug - Room ID: 1
Debug - Current Time: 2025-01-06T15:02:10.174992265
Debug - Booking found: true
Debug - Card Number: CARD-TEST001
Debug - Room ID: 1
Debug - Current Time: 2025-01-06T15:02:10.182124223
Debug - Booking found: false
]]></system-out>
  <system-err><![CDATA[]]></system-err>
</testsuite>
